2017-08-07 11:09:23 ##################################################################
2017-08-07 11:09:23 init redis pool...
2017-08-07 11:09:23 init redis pool successful...
2017-08-07 11:09:23 ##################################################################
2017-08-07 11:09:23 Server PID on 3184
2017-08-07 11:09:23 Server Port cannot null 
2017-08-07 11:09:38 ##################################################################
2017-08-07 11:09:38 init redis pool...
2017-08-07 11:09:38 init redis pool successful...
2017-08-07 11:09:38 ##################################################################
2017-08-07 11:09:38 Server PID on 5284
2017-08-07 11:09:38 Http Server listening on 9008 ...
2017-08-07 11:10:37 ##################################################################
2017-08-07 11:10:37 init redis pool...
2017-08-07 11:10:37 init redis pool successful...
2017-08-07 11:10:37 ##################################################################
2017-08-07 11:10:37 Server PID on 4288
2017-08-07 11:10:37 Server Port cannot null 
2017-08-07 11:15:12 ##################################################################
2017-08-07 11:15:12 init redis pool...
2017-08-07 11:15:12 init redis pool successful...
2017-08-07 11:15:12 ##################################################################
2017-08-07 11:15:12 Server PID on 1064
2017-08-07 11:15:12 Http Server listening on 9008 ...
2017-08-07 11:15:21 request parameter mismatching/monitor?healthCheck
2017-08-07 11:16:06 ##################################################################
2017-08-07 11:16:06 init redis pool...
2017-08-07 11:16:06 init redis pool successful...
2017-08-07 11:16:06 ##################################################################
2017-08-07 11:16:06 Server PID on 7208
2017-08-07 11:16:06 Http Server listening on 9008 ...
2017-08-07 11:16:09 request healthCheck
2017-08-07 11:16:09 request healthCheck ---> a 151,142,141,131,121,111,101,100,99,91,73,72,71,61,51,41,31$154,153,152,144,143,123,122,93,92,81,74,62,53,52,42,33,32$134,133,132,124,114,113,112,104,103,102,94,83,82,63,54,44,43$84,64,34
2017-08-07 11:16:09 request healthCheck ---> b 151,111,102,101,99,91,81,71,64,63,62,61,51,44,43,42,41$153,152,141,132,131,123,122,121,113,112,103,92,82,54,53,52,31$154,142,134,133,124,114,104,100,94,93,84,83,73,72,34,33,32$144,143,74
2017-08-07 11:16:09 request healthCheck ---> c 151,143,142,141,121,111,101,100,99,91,81,61,52,51,33,32,31$153,152,132,131,123,122,113,112,102,82,71,63,62,54,53,42,41$154,144,134,133,124,114,104,103,92,84,83,73,72,64,44,43,34$94,93,74
2017-08-07 11:16:17 request parameter mismatching/monito
2017-08-07 11:17:23 ##################################################################
2017-08-07 11:17:23 init redis pool...
2017-08-07 11:17:23 init redis pool successful...
2017-08-07 11:17:23 ##################################################################
2017-08-07 11:17:23 Server PID on 8020
2017-08-07 11:17:23 Server Port cannot null 
